<?xml version="1.0" encoding="UTF-8"?>
<robot generator="Robot 5.0 (Python 3.9.6 on win32)" generated="20220418 11:54:09.556" rpa="false" schemaversion="3">
<suite id="s1" name="Trello Test" source="C:\Projetos\RobotFramework\Sensedia\WebTesting\Sensedia\trello_test.robot">
<test id="s1-t1" name="Caso de Teste 01 - Acesso ao Login" line="9">
<kw name="Abrir o Navegador" library="trello_resources" type="SETUP">
<kw name="Open Browser" library="SeleniumLibrary">
<arg>browser=chrome</arg>
<doc>Opens a new browser instance to the optional ``url``.</doc>
<msg timestamp="20220418 11:54:09.975" level="INFO">Opening browser 'chrome' to base url 'None'.</msg>
<status status="PASS" starttime="20220418 11:54:09.975" endtime="20220418 11:54:11.725"/>
</kw>
<kw name="Maximize Browser Window" library="SeleniumLibrary">
<doc>Maximizes current browser window.</doc>
<status status="PASS" starttime="20220418 11:54:11.726" endtime="20220418 11:54:11.865"/>
</kw>
<status status="PASS" starttime="20220418 11:54:09.974" endtime="20220418 11:54:11.865"/>
</kw>
<kw name="Acessar a Home page do site Trello.com" library="trello_resources">
<kw name="Go To" library="SeleniumLibrary">
<arg>url=${URL}</arg>
<doc>Navigates the current browser window to the provided ``url``.</doc>
<msg timestamp="20220418 11:54:11.867" level="INFO">Opening url 'https://trello.com/home'</msg>
<status status="PASS" starttime="20220418 11:54:11.867" endtime="20220418 11:54:13.491"/>
</kw>
<kw name="Wait Until Element Is Visible" library="SeleniumLibrary">
<arg>locator=${RODAPE_LOAD}</arg>
<doc>Waits until the element ``locator`` is visible.</doc>
<status status="PASS" starttime="20220418 11:54:13.492" endtime="20220418 11:54:13.531"/>
</kw>
<status status="PASS" starttime="20220418 11:54:11.866" endtime="20220418 11:54:13.531"/>
</kw>
<kw name="Verificar o titulo da pagina fica &quot;Trello&quot;" library="trello_resources" sourcename="Verificar o titulo da pagina fica &quot;${TITULO}&quot;">
<kw name="Title Should Be" library="SeleniumLibrary">
<arg>title=${TITULO}</arg>
<doc>Verifies that the current page title equals ``title``.</doc>
<msg timestamp="20220418 11:54:13.545" level="INFO">Page title is 'Trello'.</msg>
<status status="PASS" starttime="20220418 11:54:13.533" endtime="20220418 11:54:13.545"/>
</kw>
<status status="PASS" starttime="20220418 11:54:13.532" endtime="20220418 11:54:13.546"/>
</kw>
<kw name="Entrar em Login &quot;Fazer login&quot;" library="trello_resources">
<kw name="Click Element" library="SeleniumLibrary">
<arg>locator=${TOP_LOGIN}</arg>
<doc>Click the element identified by ``locator``.</doc>
<msg timestamp="20220418 11:54:13.549" level="INFO">Clicking element '//a[@class='btn btn-sm btn-link text-primary']'.</msg>
<status status="PASS" starttime="20220418 11:54:13.548" endtime="20220418 11:54:13.956"/>
</kw>
<status status="PASS" starttime="20220418 11:54:13.546" endtime="20220418 11:54:13.957"/>
</kw>
<kw name="Verificar se aparece a frase &quot;Fazer Login no Trello&quot;" library="trello_resources" sourcename="Verificar se aparece a frase &quot;${TRELLO_LOGIN}&quot;">
<kw name="Wait Until Page Contains" library="SeleniumLibrary">
<arg>text=${TRELLO_LOGIN}</arg>
<doc>Waits until ``text`` appears on the current page.</doc>
<status status="PASS" starttime="20220418 11:54:13.959" endtime="20220418 11:54:14.971"/>
</kw>
<kw name="Wait Until Element Is Visible" library="SeleniumLibrary">
<arg>locator=//h1[contains(.,'${TRELLO_LOGIN}')]</arg>
<doc>Waits until the element ``locator`` is visible.</doc>
<status status="PASS" starttime="20220418 11:54:14.971" endtime="20220418 11:54:15.010"/>
</kw>
<status status="PASS" starttime="20220418 11:54:13.957" endtime="20220418 11:54:15.010"/>
</kw>
<kw name="Fechar o Navegador" library="trello_resources" type="TEARDOWN">
<kw name="Capture Page Screenshot" library="SeleniumLibrary">
<doc>Takes a screenshot of the current page and embeds it into a log file.</doc>
<msg timestamp="20220418 11:54:15.923" level="INFO" html="true">&lt;/td&gt;&lt;/tr&gt;&lt;tr&gt;&lt;td colspan="3"&gt;&lt;a href="selenium-screenshot-1.png"&gt;&lt;img src="selenium-screenshot-1.png" width="800px"&gt;&lt;/a&gt;</msg>
<status status="PASS" starttime="20220418 11:54:15.012" endtime="20220418 11:54:15.923"/>
</kw>
<kw name="Close Browser" library="SeleniumLibrary">
<doc>Closes the current browser.</doc>
<status status="PASS" starttime="20220418 11:54:15.923" endtime="20220418 11:54:18.307"/>
</kw>
<status status="PASS" starttime="20220418 11:54:15.011" endtime="20220418 11:54:18.307"/>
</kw>
<doc>Este teste verifica o site e o acesso ao Login no site Trello.com
verificando user/pass</doc>
<tag>Acesso</tag>
<tag>Login</tag>
<status status="PASS" starttime="20220418 11:54:09.973" endtime="20220418 11:54:18.308"/>
</test>
<test id="s1-t2" name="Caso de Teste 02 - Login Invalido" line="18">
<kw name="Abrir o Navegador" library="trello_resources" type="SETUP">
<kw name="Open Browser" library="SeleniumLibrary">
<arg>browser=chrome</arg>
<doc>Opens a new browser instance to the optional ``url``.</doc>
<msg timestamp="20220418 11:54:18.311" level="INFO">Opening browser 'chrome' to base url 'None'.</msg>
<status status="PASS" starttime="20220418 11:54:18.311" endtime="20220418 11:54:19.787"/>
</kw>
<kw name="Maximize Browser Window" library="SeleniumLibrary">
<doc>Maximizes current browser window.</doc>
<status status="PASS" starttime="20220418 11:54:19.788" endtime="20220418 11:54:19.914"/>
</kw>
<status status="PASS" starttime="20220418 11:54:18.310" endtime="20220418 11:54:19.914"/>
</kw>
<kw name="Acessar a Home page do site Trello.com" library="trello_resources">
<kw name="Go To" library="SeleniumLibrary">
<arg>url=${URL}</arg>
<doc>Navigates the current browser window to the provided ``url``.</doc>
<msg timestamp="20220418 11:54:19.917" level="INFO">Opening url 'https://trello.com/home'</msg>
<status status="PASS" starttime="20220418 11:54:19.916" endtime="20220418 11:54:21.400"/>
</kw>
<kw name="Wait Until Element Is Visible" library="SeleniumLibrary">
<arg>locator=${RODAPE_LOAD}</arg>
<doc>Waits until the element ``locator`` is visible.</doc>
<status status="PASS" starttime="20220418 11:54:21.400" endtime="20220418 11:54:21.449"/>
</kw>
<status status="PASS" starttime="20220418 11:54:19.915" endtime="20220418 11:54:21.450"/>
</kw>
<kw name="Entrar em Login &quot;Fazer login&quot;" library="trello_resources">
<kw name="Click Element" library="SeleniumLibrary">
<arg>locator=${TOP_LOGIN}</arg>
<doc>Click the element identified by ``locator``.</doc>
<msg timestamp="20220418 11:54:21.452" level="INFO">Clicking element '//a[@class='btn btn-sm btn-link text-primary']'.</msg>
<status status="PASS" starttime="20220418 11:54:21.451" endtime="20220418 11:54:21.849"/>
</kw>
<status status="PASS" starttime="20220418 11:54:21.451" endtime="20220418 11:54:21.850"/>
</kw>
<kw name="Verificar se aparece a frase &quot;Fazer Login no Trello&quot;" library="trello_resources" sourcename="Verificar se aparece a frase &quot;${TRELLO_LOGIN}&quot;">
<kw name="Wait Until Page Contains" library="SeleniumLibrary">
<arg>text=${TRELLO_LOGIN}</arg>
<doc>Waits until ``text`` appears on the current page.</doc>
<status status="PASS" starttime="20220418 11:54:21.851" endtime="20220418 11:54:22.801"/>
</kw>
<kw name="Wait Until Element Is Visible" library="SeleniumLibrary">
<arg>locator=//h1[contains(.,'${TRELLO_LOGIN}')]</arg>
<doc>Waits until the element ``locator`` is visible.</doc>
<status status="PASS" starttime="20220418 11:54:22.801" endtime="20220418 11:54:22.838"/>
</kw>
<status status="PASS" starttime="20220418 11:54:21.850" endtime="20220418 11:54:22.839"/>
</kw>
<kw name="Digitar o e-mail do ususário" library="trello_resources">
<kw name="Input Text" library="SeleniumLibrary">
<arg>locator=//input[contains(@inputmode,'email')]</arg>
<arg>text=${EMAIL}</arg>
<doc>Types the given ``text`` into the text field identified by ``locator``.</doc>
<msg timestamp="20220418 11:54:22.841" level="INFO">Typing text 'storinzox@gmail.com' into text field '//input[contains(@inputmode,'email')]'.</msg>
<status status="PASS" starttime="20220418 11:54:22.840" endtime="20220418 11:54:22.992"/>
</kw>
<kw name="Click Button" library="SeleniumLibrary">
<arg>locator=//input[@value='Fazer login']</arg>
<doc>Clicks the button identified by ``locator``.</doc>
<msg timestamp="20220418 11:54:22.992" level="INFO">Clicking button '//input[@value='Fazer login']'.</msg>
<status status="PASS" starttime="20220418 11:54:22.992" endtime="20220418 11:54:23.116"/>
</kw>
<kw name="Wait Until Element Is Visible" library="SeleniumLibrary">
<arg>locator=//div[@title='${EMAIL}']</arg>
<doc>Waits until the element ``locator`` is visible.</doc>
<status status="PASS" starttime="20220418 11:54:23.116" endtime="20220418 11:54:25.727"/>
</kw>
<kw name="Input Password" library="SeleniumLibrary">
<arg>locator=//input[contains(@name,'password')]</arg>
<arg>password=</arg>
<doc>Types the given password into the text field identified by ``locator``.</doc>
<msg timestamp="20220418 11:54:25.729" level="INFO">Typing password into text field '//input[contains(@name,'password')]'.</msg>
<msg timestamp="20220418 11:54:25.795" level="INFO">Temporally setting log level to: NONE</msg>
<msg timestamp="20220418 11:54:25.842" level="INFO">Log level changed from NONE to INFO.</msg>
<status status="PASS" starttime="20220418 11:54:25.728" endtime="20220418 11:54:25.843"/>
</kw>
<kw name="Click Button" library="SeleniumLibrary">
<arg>locator=//button[@type='submit']</arg>
<doc>Clicks the button identified by ``locator``.</doc>
<msg timestamp="20220418 11:54:25.843" level="INFO">Clicking button '//button[@type='submit']'.</msg>
<status status="PASS" starttime="20220418 11:54:25.843" endtime="20220418 11:54:25.943"/>
</kw>
<status status="PASS" starttime="20220418 11:54:22.839" endtime="20220418 11:54:25.943"/>
</kw>
<kw name="Fechar o Navegador" library="trello_resources" type="TEARDOWN">
<kw name="Capture Page Screenshot" library="SeleniumLibrary">
<doc>Takes a screenshot of the current page and embeds it into a log file.</doc>
<msg timestamp="20220418 11:54:26.186" level="INFO" html="true">&lt;/td&gt;&lt;/tr&gt;&lt;tr&gt;&lt;td colspan="3"&gt;&lt;a href="selenium-screenshot-2.png"&gt;&lt;img src="selenium-screenshot-2.png" width="800px"&gt;&lt;/a&gt;</msg>
<status status="PASS" starttime="20220418 11:54:25.945" endtime="20220418 11:54:26.186"/>
</kw>
<kw name="Close Browser" library="SeleniumLibrary">
<doc>Closes the current browser.</doc>
<status status="PASS" starttime="20220418 11:54:26.186" endtime="20220418 11:54:28.596"/>
</kw>
<status status="PASS" starttime="20220418 11:54:25.944" endtime="20220418 11:54:28.596"/>
</kw>
<doc>Nesta suite fazer a validação com User e/ou Pass incorretos</doc>
<tag>incorreto</tag>
<tag>invalido</tag>
<status status="PASS" starttime="20220418 11:54:18.309" endtime="20220418 11:54:28.597"/>
</test>
<doc>Essa Suite para o Desafio Trello QA</doc>
<status status="PASS" starttime="20220418 11:54:09.559" endtime="20220418 11:54:28.599"/>
</suite>
<statistics>
<total>
<stat pass="2" fail="0" skip="0">All Tests</stat>
</total>
<tag>
<stat pass="1" fail="0" skip="0">Acesso</stat>
<stat pass="1" fail="0" skip="0">incorreto</stat>
<stat pass="1" fail="0" skip="0">invalido</stat>
<stat pass="1" fail="0" skip="0">Login</stat>
</tag>
<suite>
<stat pass="2" fail="0" skip="0" id="s1" name="Trello Test">Trello Test</stat>
</suite>
</statistics>
<errors>
</errors>
</robot>
